2022-01-15 16:15:30:494 [Appium] Welcome to Appium v1.22.1
2022-01-15 16:15:30:495 [Appium] Non-default server args:
2022-01-15 16:15:30:495 [Appium]   port: 23182
2022-01-15 16:15:30:495 [Appium]   sessionOverride: true
2022-01-15 16:15:30:495 [Appium]   logFile: /Users/maniswa/mobileframeworkBDD/iOS_Phone 12 Pro/Server.log
2022-01-15 16:15:30:515 [Appium] Appium REST http interface listener started on 0.0.0.0:23182
2022-01-15 16:15:30:687 [HTTP] --> GET /wd/hub/status
2022-01-15 16:15:30:688 [HTTP] {}
2022-01-15 16:15:30:690 [GENERIC] Calling AppiumDriver.getStatus() with args: []
2022-01-15 16:15:30:691 [GENERIC] Responding to client with driver.getStatus() result: {"build":{"version":"1.22.1"}}
2022-01-15 16:15:30:699 [HTTP] <-- GET /wd/hub/status 200 9 ms - 68
2022-01-15 16:15:30:699 [HTTP] 
2022-01-15 16:15:30:713 [HTTP] --> GET /wd/hub/status
2022-01-15 16:15:30:713 [HTTP] {}
2022-01-15 16:15:30:714 [GENERIC] Calling AppiumDriver.getStatus() with args: []
2022-01-15 16:15:30:714 [GENERIC] Responding to client with driver.getStatus() result: {"build":{"version":"1.22.1"}}
2022-01-15 16:15:30:716 [HTTP] <-- GET /wd/hub/status 200 3 ms - 68
2022-01-15 16:15:30:716 [HTTP] 
2022-01-15 16:15:31:234 [HTTP] Request idempotency key: 1f0bc234-4e4b-40fd-b2a4-63b1ad6b4b1a
2022-01-15 16:15:31:245 [HTTP] --> POST /wd/hub/session
2022-01-15 16:15:31:245 [HTTP] {"desiredCapabilities":{"app":"/Users/maniswa/mobileframeworkBDD/src/test/resources/apps/SwagLabsMobileApp.app","webkitDebugProxyPort":"11001","automationName":"XCUITest","bundleId":"org.askomdch.SwagLabMobileApp","platformName":"iOS","udid":"67F80B95-D9F6-42F4-8670-F3229A2F5CB7","deviceName":"Phone 12 Pro","wdaLocalPort":"10001"},"capabilities":{"firstMatch":[{"appium:app":"/Users/maniswa/mobileframeworkBDD/src/test/resources/apps/SwagLabsMobileApp.app","appium:automationName":"XCUITest","appium:bundleId":"org.askomdch.SwagLabMobileApp","appium:deviceName":"Phone 12 Pro","platformName":"ios","appium:udid":"67F80B95-D9F6-42F4-8670-F3229A2F5CB7","appium:wdaLocalPort":"10001","webkitDebugProxyPort":"11001"}]}}
2022-01-15 16:15:31:246 [W3C] Calling AppiumDriver.createSession() with args: [{"app":"/Users/maniswa/mobileframeworkBDD/src/test/resources/apps/SwagLabsMobileApp.app","webkitDebugProxyPort":"11001","automationName":"XCUITest","bundleId":"org.askomdch.SwagLabMobileApp","platformName":"iOS","udid":"67F80B95-D9F6-42F4-8670-F3229A2F5CB7","deviceName":"Phone 12 Pro","wdaLocalPort":"10001"},null,{"firstMatch":[{"appium:app":"/Users/maniswa/mobileframeworkBDD/src/test/resources/apps/SwagLabsMobileApp.app","appium:automationName":"XCUITest","appium:bundleId":"org.askomdch.SwagLabMobileApp","appium:deviceName":"Phone 12 Pro","platformName":"ios","appium:udid":"67F80B95-D9F6-42F4-8670-F3229A2F5CB7","appium:wdaLocalPort":"10001","webkitDebugProxyPort":"11001"}]}]
2022-01-15 16:15:31:250 [BaseDriver] Event 'newSessionRequested' logged at 1642263331246 (21:45:31 GMT+0530 (India Standard Time))
2022-01-15 16:15:31:252 [BaseDriver] The following capabilities are not standard capabilities and should have an extension prefix:
2022-01-15 16:15:31:252 [BaseDriver]   webkitDebugProxyPort
2022-01-15 16:15:31:458 [Appium] Appium v1.22.1 creating new XCUITestDriver (v3.56.2) session
2022-01-15 16:15:31:458 [Appium] There are no active sessions for cleanup
2022-01-15 16:15:31:460 [BaseDriver] W3C capabilities and MJSONWP desired capabilities were provided
2022-01-15 16:15:31:460 [BaseDriver] Creating session with W3C capabilities: {
2022-01-15 16:15:31:460 [BaseDriver]   "alwaysMatch": {
2022-01-15 16:15:31:460 [BaseDriver]     "platformName": "ios",
2022-01-15 16:15:31:460 [BaseDriver]     "appium:webkitDebugProxyPort": "11001",
2022-01-15 16:15:31:460 [BaseDriver]     "appium:app": "/Users/maniswa/mobileframeworkBDD/src/test/resources/apps/SwagLabsMobileApp.app",
2022-01-15 16:15:31:460 [BaseDriver]     "appium:automationName": "XCUITest",
2022-01-15 16:15:31:460 [BaseDriver]     "appium:bundleId": "org.askomdch.SwagLabMobileApp",
2022-01-15 16:15:31:460 [BaseDriver]     "appium:deviceName": "Phone 12 Pro",
2022-01-15 16:15:31:460 [BaseDriver]     "appium:udid": "67F80B95-D9F6-42F4-8670-F3229A2F5CB7",
2022-01-15 16:15:31:460 [BaseDriver]     "appium:wdaLocalPort": "10001"
2022-01-15 16:15:31:460 [BaseDriver]   },
2022-01-15 16:15:31:460 [BaseDriver]   "firstMatch": [
2022-01-15 16:15:31:460 [BaseDriver]     {}
2022-01-15 16:15:31:460 [BaseDriver]   ]
2022-01-15 16:15:31:460 [BaseDriver] }
2022-01-15 16:15:31:462 [BaseDriver] Number capability passed in as string. Functionality may be compromised.
2022-01-15 16:15:31:462 [BaseDriver] Number capability passed in as string. Functionality may be compromised.
2022-01-15 16:15:31:464 [BaseDriver] Capability 'webkitDebugProxyPort' changed from string ('11001') to integer (11001). This may cause unexpected behavior
2022-01-15 16:15:31:464 [BaseDriver] Capability 'wdaLocalPort' changed from string ('10001') to integer (10001). This may cause unexpected behavior
2022-01-15 16:15:31:467 [XCUITest] 'platformVersion' capability ('undefined') is not a valid version number. Consider fixing it or be ready to experience an inconsistent driver behavior.
2022-01-15 16:15:31:467 [BaseDriver] Session created with session id: 4ecc8fb5-9e91-4171-841d-0ef8c72fa488
2022-01-15 16:15:31:493 [XCUITest] Current user: 'maniswa'
2022-01-15 16:15:31:507 [XCUITest] Available devices: 
2022-01-15 16:15:31:507 [XCUITest] No real device with udid '67F80B95-D9F6-42F4-8670-F3229A2F5CB7'. Looking for simulator
2022-01-15 16:15:32:023 [iOSSim] Constructing iOS simulator for Xcode version 13.0 with udid '67F80B95-D9F6-42F4-8670-F3229A2F5CB7'
2022-01-15 16:15:32:024 [XCUITest] Determining device to run tests on: udid: '67F80B95-D9F6-42F4-8670-F3229A2F5CB7', real device: false
2022-01-15 16:15:32:293 [XCUITest] No platformVersion specified. Using device version: '14.2'
2022-01-15 16:15:32:299 [BaseDriver] Event 'xcodeDetailsRetrieved' logged at 1642263332299 (21:45:32 GMT+0530 (India Standard Time))
2022-01-15 16:15:32:302 [BaseDriver] Using local app '/Users/maniswa/mobileframeworkBDD/src/test/resources/apps/SwagLabsMobileApp.app'
2022-01-15 16:15:32:302 [BaseDriver] Event 'appConfigured' logged at 1642263332302 (21:45:32 GMT+0530 (India Standard Time))
2022-01-15 16:15:32:303 [XCUITest] Checking whether app '/Users/maniswa/mobileframeworkBDD/src/test/resources/apps/SwagLabsMobileApp.app' is actually present on file system
2022-01-15 16:15:32:304 [XCUITest] App is present
2022-01-15 16:15:32:305 [BaseDriver] Event 'resetStarted' logged at 1642263332304 (21:45:32 GMT+0530 (India Standard Time))
2022-01-15 16:15:32:702 [XCUITest] Not scrubbing third party app in anticipation of uninstall
2022-01-15 16:15:32:703 [BaseDriver] Event 'resetComplete' logged at 1642263332702 (21:45:32 GMT+0530 (India Standard Time))
2022-01-15 16:15:32:704 [WebDriverAgent] Using WDA path: '/opt/homebrew/lib/node_modules/appium/node_modules/appium-webdriveragent'
2022-01-15 16:15:32:704 [WebDriverAgent] Using WDA agent: '/opt/homebrew/lib/node_modules/appium/node_modules/appium-webdriveragent/WebDriverAgent.xcodeproj'
2022-01-15 16:15:32:933 [IOSSimulatorLog] Starting log capture for iOS Simulator with udid '67F80B95-D9F6-42F4-8670-F3229A2F5CB7' using simctl
2022-01-15 16:15:33:348 [BaseDriver] Event 'logCaptureStarted' logged at 1642263333347 (21:45:33 GMT+0530 (India Standard Time))
2022-01-15 16:15:33:348 [XCUITest] Setting up simulator
2022-01-15 16:15:33:348 [XCUITest] No reason to set locale
2022-01-15 16:15:33:349 [XCUITest] No iOS / app preferences to set
2022-01-15 16:15:33:349 [XCUITest] Setting did not need to be updated
2022-01-15 16:15:33:351 [iOSSim] Setting preferences of 67F80B95-D9F6-42F4-8670-F3229A2F5CB7 Simulator to {"ConnectHardwareKeyboard":false}
2022-01-15 16:15:33:351 [iOSSim] Setting common Simulator preferences to {"RotateWindowWhenSignaledByGuest":true,"ConnectHardwareKeyboard":false,"PasteboardAutomaticSync":false}
2022-01-15 16:15:34:155 [iOSSim] Updated 67F80B95-D9F6-42F4-8670-F3229A2F5CB7 Simulator preferences at '/Users/maniswa/Library/Preferences/com.apple.iphonesimulator.plist' with {"RotateWindowWhenSignaledByGuest":true,"ConnectHardwareKeyboard":false,"PasteboardAutomaticSync":false,"DevicePreferences":{"67F80B95-D9F6-42F4-8670-F3229A2F5CB7":{"SimulatorExternalDisplay":2114,"ConnectHardwareKeyboard":false,"SimulatorWindowRotationAngle":0,"SimulatorWindowOrientation":"Portrait","SimulatorWindowGeometry":{"60E9C77D-4D3C-4926-8E65-8ED3A1145891":{"WindowCenter":"{1089.5, 471}","WindowScale":0.7972972972972973}},"ChromeTint":""}}}
2022-01-15 16:15:34:494 [iOSSim] Got Simulator UI client PID: 2164
2022-01-15 16:15:34:495 [iOSSim] Both Simulator with UDID '67F80B95-D9F6-42F4-8670-F3229A2F5CB7' and the UI client are currently running
2022-01-15 16:15:34:496 [BaseDriver] Event 'simStarted' logged at 1642263334495 (21:45:34 GMT+0530 (India Standard Time))
2022-01-15 16:15:34:497 [XCUITest] Verifying application platform
2022-01-15 16:15:34:525 [XCUITest] CFBundleSupportedPlatforms: ["iPhoneSimulator"]
2022-01-15 16:15:34:871 [XCUITest] Reset requested. Removing app with id 'org.askomdch.SwagLabMobileApp' from the device
2022-01-15 16:15:35:715 [XCUITest] Installing '/Users/maniswa/mobileframeworkBDD/src/test/resources/apps/SwagLabsMobileApp.app' on Simulator with UUID '67F80B95-D9F6-42F4-8670-F3229A2F5CB7'...
2022-01-15 16:15:39:094 [XCUITest] The app has been installed successfully.
2022-01-15 16:15:39:095 [BaseDriver] Event 'appInstalled' logged at 1642263339094 (21:45:39 GMT+0530 (India Standard Time))
2022-01-15 16:15:39:215 [WebDriverAgent] No obsolete cached processes from previous WDA sessions listening on port 10001 have been found
2022-01-15 16:15:39:216 [DevCon Factory] Requesting connection for device 67F80B95-D9F6-42F4-8670-F3229A2F5CB7 on local port 10001
2022-01-15 16:15:39:216 [DevCon Factory] Cached connections count: 0
2022-01-15 16:15:39:216 [DevCon Factory] Successfully requested the connection for 67F80B95-D9F6-42F4-8670-F3229A2F5CB7:10001
2022-01-15 16:15:39:219 [XCUITest] Starting WebDriverAgent initialization with the synchronization key 'XCUITestDriver'
2022-01-15 16:15:39:222 [WD Proxy] Matched '/status' to command name 'getStatus'
2022-01-15 16:15:39:222 [WD Proxy] Proxying [GET /status] to [GET http://127.0.0.1:10001/status] with no body
2022-01-15 16:15:39:321 [WD Proxy] Got response with status 200: {"value":{"message":"WebDriverAgent is ready to accept commands","state":"success","os":{"testmanagerdVersion":28,"name":"iOS","sdkVersion":"15.0","version":"14.2"},"ios":{"simulatorVersion":"14.2","ip":"192.168.29.171"},"ready":true,"build":{"upgradedAt":"1639152895599","time":"Jan 14 2022 14:53:31","productBundleIdentifier":"com.facebook.WebDriverAgentRunner"}},"sessionId":null}
2022-01-15 16:15:39:325 [WebDriverAgent] Upgrade timestamp of the currently bundled WDA: 1639152895599
2022-01-15 16:15:39:325 [WebDriverAgent] Upgrade timestamp of the WDA on the device: 1639152895599
2022-01-15 16:15:39:325 [WebDriverAgent] Will reuse previously cached WDA instance at 'http://127.0.0.1:10001/' with 'com.facebook.WebDriverAgentRunner'. Set the wdaLocalPort capability to a value different from 10001 if this is an undesired behavior.
2022-01-15 16:15:39:325 [XCUITest] Trying to start WebDriverAgent 2 times with 10000ms interval
2022-01-15 16:15:39:325 [XCUITest] These values can be customized by changing wdaStartupRetries/wdaStartupRetryInterval capabilities
2022-01-15 16:15:39:325 [BaseDriver] Event 'wdaStartAttempted' logged at 1642263339325 (21:45:39 GMT+0530 (India Standard Time))
2022-01-15 16:15:39:325 [WebDriverAgent] Using provided WebdriverAgent at 'http://127.0.0.1:10001/'
2022-01-15 16:15:39:326 [WD Proxy] Matched '/status' to command name 'getStatus'
2022-01-15 16:15:39:327 [WD Proxy] Proxying [GET /status] to [GET http://127.0.0.1:10001/status] with no body
2022-01-15 16:15:39:332 [WD Proxy] Got response with status 200: {"value":{"message":"WebDriverAgent is ready to accept commands","state":"success","os":{"testmanagerdVersion":28,"name":"iOS","sdkVersion":"15.0","version":"14.2"},"ios":{"simulatorVersion":"14.2","ip":"192.168.29.171"},"ready":true,"build":{"upgradedAt":"1639152895599","time":"Jan 14 2022 14:53:31","productBundleIdentifier":"com.facebook.WebDriverAgentRunner"}},"sessionId":null}
2022-01-15 16:15:39:333 [BaseDriver] Event 'wdaSessionAttempted' logged at 1642263339332 (21:45:39 GMT+0530 (India Standard Time))
2022-01-15 16:15:39:333 [XCUITest] Sending createSession command to WDA
2022-01-15 16:15:39:336 [WD Proxy] Matched '/session' to command name 'createSession'
2022-01-15 16:15:39:337 [WD Proxy] Proxying [POST /session] to [POST http://127.0.0.1:10001/session] with body: {"capabilities":{"firstMatch":[{"bundleId":"org.askomdch.SwagLabMobileApp","arguments":[],"environment":{},"eventloopIdleDelaySec":0,"shouldWaitForQuiescence":true,"shouldUseTestManagerForVisibilityDetection":false,"maxTypingFrequency":60,"shouldUseSingletonTestManager":true,"shouldTerminateApp":true,"forceAppLaunch":true,"useNativeCachingStrategy":true,"forceSimulatorSoftwareKeyboardPresence":true}],"alwaysMatch":{}}}
2022-01-15 16:15:40:911 [WebDriverAgent] Parsed BUILD_DIR configuration value: '/Users/maniswa/Library/Developer/Xcode/DerivedData/WebDriverAgent-fxmsedpwfaalxlbcwefbceeuodem/Build/Products'
2022-01-15 16:15:40:912 [WebDriverAgent] Got derived data root: '/Users/maniswa/Library/Developer/Xcode/DerivedData/WebDriverAgent-fxmsedpwfaalxlbcwefbceeuodem'
2022-01-15 16:16:40:189 [Appium] Received SIGINT - shutting down
